<?xml version="1.0" encoding="UTF-8"?>
<testng-results skipped="0" failed="0" total="1" passed="1">
  <reporter-output>
  </reporter-output>
  <suite name="Examples.SimpleTest" duration-ms="16952" started-at="2017-08-22T14:31:39Z" finished-at="2017-08-22T14:31:56Z">
    <groups>
    </groups>
    <test name="Command line test" duration-ms="16952" started-at="2017-08-22T14:31:39Z" finished-at="2017-08-22T14:31:56Z">
      <class name="Examples.SimpleTest">
        <test-method status="PASS" signature="login()[pri:0, instance:Examples.SimpleTest@4e04a765]" name="login" duration-ms="16941" started-at="2017-08-22T17:31:39Z" finished-at="2017-08-22T17:31:56Z">
          <reporter-output>
          </reporter-output>
        </test-method> <!-- login -->
      </class> <!-- Examples.SimpleTest -->
    </test> <!-- Command line test -->
  </suite> <!-- Examples.SimpleTest -->
</testng-results>
